#
# There is insufficient memory for the Java Runtime Environment to continue.
# Native memory allocation (mmap) failed to map 125829120 bytes for G1 virtual space
# Possible reasons:
#   The system is out of physical RAM or swap space
#   The process is running with CompressedOops enabled, and the Java Heap may be blocking the growth of the native heap
# Possible solutions:
#   Reduce memory load on the system
#   Increase physical memory or swap space
#   Check if swap backing store is full
#   Decrease Java heap size (-Xmx/-Xms)
#   Decrease number of Java threads
#   Decrease Java thread stack sizes (-Xss)
#   Set larger code cache with -XX:ReservedCodeCacheSize=
#   JVM is running with Unscaled Compressed Oops mode in which the Java heap is
#     placed in the first 4GB address space. The Java Heap base address is the
#     maximum limit for the native heap growth. Please use -XX:HeapBaseMinAddress
#     to set the Java Heap base and to place the Java Heap above 4GB virtual address.
# This output file may be truncated or incomplete.
#
#  Out of Memory Error (os_windows.cpp:3532), pid=11424, tid=31376
#
# JRE version:  (17.0.2+8) (build )
# Java VM: OpenJDK 64-Bit Server VM (17.0.2+8, mixed mode, sharing, tiered, compressed oops, compressed class ptrs, g1 gc, windows-amd64)
# No core dump will be written. Minidumps are not enabled by default on client versions of Windows
#

---------------  S U M M A R Y ------------

Command Line: -Dfile.encoding=Cp1251 -XX:+ShowCodeDetailsInExceptionMessages lab55.lab5

Host: AMD FX(tm)-4300 Quad-Core Processor            , 4 cores, 7G,  Windows 10 , 64 bit Build 19041 (10.0.19041.1566)
Time: Sun Apr 10 20:23:59 2022  Windows 10 , 64 bit Build 19041 (10.0.19041.1566) elapsed time: 0.025594 seconds (0d 0h 0m 0s)

---------------  T H R E A D  ---------------

Current thread (0x00000203eea2bf10):  JavaThread "Unknown thread" [_thread_in_vm, id=31376, stack(0x000000e8e1100000,0x000000e8e1200000)]

Stack: [0x000000e8e1100000,0x000000e8e1200000]
Native frames: (J=compiled Java code, j=interpreted, Vv=VM code, C=native code)
V  [jvm.dll+0x67564a]
V  [jvm.dll+0x82fc04]
V  [jvm.dll+0x8313ae]
V  [jvm.dll+0x831a13]
V  [jvm.dll+0x245235]
V  [jvm.dll+0x672539]
V  [jvm.dll+0x666e82]
V  [jvm.dll+0x30401b]
V  [jvm.dll+0x30b566]
V  [jvm.dll+0x35b1fe]
V  [jvm.dll+0x35b42f]
V  [jvm.dll+0x2daf58]
V  [jvm.dll+0x2dbec4]
V  [jvm.dll+0x801881]
V  [jvm.dll+0x368f81]
V  [jvm.dll+0x7e0cdc]
V  [jvm.dll+0x3eb8bf]
V  [jvm.dll+0x3ed441]
C  [jli.dll+0x5277]
C  [ucrtbase.dll+0x21bb2]
C  [KERNEL32.DLL+0x17034]
C  [ntdll.dll+0x52651]


---------------  P R O C E S S  ---------------

Threads class SMR info:
_java_thread_list=0x00007ff92f0e5e98, length=0, elements={
}

Java Threads: ( => current thread )

Other Threads:
  0x00000203eea67d70 GCTaskThread "GC Thread#0" [stack: 0x000000e8e1200000,0x000000e8e1300000] [id=37752]
  0x00000203eea94850 ConcurrentGCThread "G1 Main Marker" [stack: 0x000000e8e1300000,0x000000e8e1400000] [id=19812]
  0x00000203eea96270 ConcurrentGCThread "G1 Conc#0" [stack: 0x000000e8e1400000,0x000000e8e1500000] [id=9488]

[error occurred during error reporting (printing all threads), id 0xc0000005, EXCEPTION_ACCESS_VIOLATION (0xc0000005) at pc=0x00007ff92e8bb9d7]

VM state: not at safepoint (not fully initialized)

VM Mutex/Monitor currently owned by a thread:  ([mutex/lock_event])
[0x00000203eea26d10] Heap_lock - owner thread: 0x00000203eea2bf10

Heap address: 0x0000000088000000, size: 1920 MB, Compressed Oops mode: 32-bit

CDS archive(s) mapped at: [0x0000000000000000-0x0000000000000000-0x0000000000000000), size 0, SharedBaseAddress: 0x0000000800000000, ArchiveRelocationMode: 0.
Narrow klass base: 0x0000000000000000, Narrow klass shift: 0, Narrow klass range: 0x0

GC Precious Log:
<Empty>

Heap:
 garbage-first heap   total 0K, used 0K [0x0000000088000000, 0x0000000100000000)
  region size 1024K, 0 young (0K), 0 survivors (0K)

[error occurred during error reporting (printing heap information), id 0xc0000005, EXCEPTION_ACCESS_VIOLATION (0xc0000005) at pc=0x00007ff92ec9e899]

GC Heap History (0 events):
No events

Deoptimization events (0 events):
No events

Classes unloaded (0 events):
No events

Classes redefined (0 events):
No events

Internal exceptions (0 events):
No events

VM Operations (0 events):
No events

Events (1 events):
Event: 0.007 Loaded shared library C:\Users\vovaf\.p2\pool\plugins\org.eclipse.justj.openjdk.hotspot.jre.full.win32.x86_64_17.0.2.v20220201-1208\jre\bin\java.dll


Dynamic libraries:
0x00007ff6eca70000 - 0x00007ff6eca7e000 	C:\Users\vovaf\.p2\pool\plugins\org.eclipse.justj.openjdk.hotspot.jre.full.win32.x86_64_17.0.2.v20220201-1208\jre\bin\javaw.exe
0x00007ff972890000 - 0x00007ff972a85000 	C:\Windows\SYSTEM32\ntdll.dll
0x00007ff970b80000 - 0x00007ff970c3e000 	C:\Windows\System32\KERNEL32.DLL
0x00007ff9705f0000 - 0x00007ff9708b8000 	C:\Windows\System32\KERNELBASE.dll
0x00007ff970020000 - 0x00007ff970120000 	C:\Windows\System32\ucrtbase.dll
0x00007ff96abc0000 - 0x00007ff96abd8000 	C:\Users\vovaf\.p2\pool\plugins\org.eclipse.justj.openjdk.hotspot.jre.full.win32.x86_64_17.0.2.v20220201-1208\jre\bin\jli.dll
0x00007ff963cf0000 - 0x00007ff963d09000 	C:\Users\vovaf\.p2\pool\plugins\org.eclipse.justj.openjdk.hotspot.jre.full.win32.x86_64_17.0.2.v20220201-1208\jre\bin\VCRUNTIME140.dll
0x00007ff971f30000 - 0x00007ff9720d0000 	C:\Windows\System32\USER32.dll
0x00007ff9703a0000 - 0x00007ff9703c2000 	C:\Windows\System32\win32u.dll
0x00007ff95f8d0000 - 0x00007ff95fb6a000 	C:\Windows\WinSxS\amd64_microsoft.windows.common-controls_6595b64144ccf1df_6.0.19041.1110_none_60b5254171f9507e\COMCTL32.dll
0x00007ff971570000 - 0x00007ff97159b000 	C:\Windows\System32\GDI32.dll
0x00007ff972740000 - 0x00007ff9727de000 	C:\Windows\System32\msvcrt.dll
0x00007ff970290000 - 0x00007ff97039b000 	C:\Windows\System32\gdi32full.dll
0x00007ff96ff80000 - 0x00007ff97001d000 	C:\Windows\System32\msvcp_win.dll
0x00007ff9727f0000 - 0x00007ff972820000 	C:\Windows\System32\IMM32.DLL
0x00007ff965bf0000 - 0x00007ff965bfc000 	C:\Users\vovaf\.p2\pool\plugins\org.eclipse.justj.openjdk.hotspot.jre.full.win32.x86_64_17.0.2.v20220201-1208\jre\bin\vcruntime140_1.dll
0x00007ff95e980000 - 0x00007ff95ea11000 	C:\Users\vovaf\.p2\pool\plugins\org.eclipse.justj.openjdk.hotspot.jre.full.win32.x86_64_17.0.2.v20220201-1208\jre\bin\msvcp140.dll
0x00007ff92e5d0000 - 0x00007ff92f217000 	C:\Users\vovaf\.p2\pool\plugins\org.eclipse.justj.openjdk.hotspot.jre.full.win32.x86_64_17.0.2.v20220201-1208\jre\bin\server\jvm.dll
0x00007ff9708c0000 - 0x00007ff97096e000 	C:\Windows\System32\ADVAPI32.dll
0x00007ff9715a0000 - 0x00007ff97163c000 	C:\Windows\System32\sechost.dll
0x00007ff971d50000 - 0x00007ff971e75000 	C:\Windows\System32\RPCRT4.dll
0x00007ff971d40000 - 0x00007ff971d48000 	C:\Windows\System32\PSAPI.DLL
0x00007ff96cb30000 - 0x00007ff96cb39000 	C:\Windows\SYSTEM32\WSOCK32.dll
0x00007ff961290000 - 0x00007ff9612b7000 	C:\Windows\SYSTEM32\WINMM.dll
0x00007ff972140000 - 0x00007ff9721ab000 	C:\Windows\System32\WS2_32.dll
0x00007ff96afd0000 - 0x00007ff96afda000 	C:\Windows\SYSTEM32\VERSION.dll
0x00007ff96deb0000 - 0x00007ff96dec2000 	C:\Windows\SYSTEM32\kernel.appcore.dll
0x00007ff96ad30000 - 0x00007ff96ad3a000 	C:\Users\vovaf\.p2\pool\plugins\org.eclipse.justj.openjdk.hotspot.jre.full.win32.x86_64_17.0.2.v20220201-1208\jre\bin\jimage.dll
0x00007ff968aa0000 - 0x00007ff968c84000 	C:\Windows\SYSTEM32\DBGHELP.DLL
0x00007ff968a70000 - 0x00007ff968a9c000 	C:\Windows\SYSTEM32\dbgcore.DLL
0x00007ff970560000 - 0x00007ff9705e2000 	C:\Windows\System32\bcryptPrimitives.dll
0x00007ff95ec00000 - 0x00007ff95ec25000 	C:\Users\vovaf\.p2\pool\plugins\org.eclipse.justj.openjdk.hotspot.jre.full.win32.x86_64_17.0.2.v20220201-1208\jre\bin\java.dll

dbghelp: loaded successfully - version: 4.0.5 - missing functions: none
symbol engine: initialized successfully - sym options: 0x614 - pdb path: .;C:\Users\vovaf\.p2\pool\plugins\org.eclipse.justj.openjdk.hotspot.jre.full.win32.x86_64_17.0.2.v20220201-1208\jre\bin;C:\Windows\SYSTEM32;C:\Windows\WinSxS\amd64_microsoft.windows.common-controls_6595b64144ccf1df_6.0.19041.1110_none_60b5254171f9507e;C:\Users\vovaf\.p2\pool\plugins\org.eclipse.justj.openjdk.hotspot.jre.full.win32.x86_64_17.0.2.v20220201-1208\jre\bin\server

VM Arguments:
jvm_args: -Dfile.encoding=Cp1251 -XX:+ShowCodeDetailsInExceptionMessages 
java_command: lab55.lab5
java_class_path (initial): C:\Users\vovaf\eclipse-workspace\lab55\bin
Launcher Type: SUN_STANDARD

[Global flags]
     intx CICompilerCount                          = 3                                         {product} {ergonomic}
     uint ConcGCThreads                            = 1                                         {product} {ergonomic}
     uint G1ConcRefinementThreads                  = 4                                         {product} {ergonomic}
   size_t G1HeapRegionSize                         = 1048576                                   {product} {ergonomic}
    uintx GCDrainStackTargetSize                   = 64                                        {product} {ergonomic}
   size_t InitialHeapSize                          = 125829120                                 {product} {ergonomic}
   size_t MarkStackSize                            = 4194304                                   {product} {ergonomic}
   size_t MaxHeapSize                              = 2013265920                                {product} {ergonomic}
   size_t MinHeapDeltaBytes                        = 1048576                                   {product} {ergonomic}
   size_t MinHeapSize                              = 8388608                                   {product} {ergonomic}
    uintx NonNMethodCodeHeapSize                   = 5832780                                {pd product} {ergonomic}
    uintx NonProfiledCodeHeapSize                  = 122912730                              {pd product} {ergonomic}
    uintx ProfiledCodeHeapSize                     = 122912730                              {pd product} {ergonomic}
    uintx ReservedCodeCacheSize                    = 251658240                              {pd product} {ergonomic}
     bool SegmentedCodeCache                       = true                                      {product} {ergonomic}
     bool ShowCodeDetailsInExceptionMessages       = true                                   {manageable} {command line}
   size_t SoftMaxHeapSize                          = 2013265920                             {manageable} {ergonomic}
     bool UseCompressedClassPointers               = true                           {product lp64_product} {ergonomic}
     bool UseCompressedOops                        = true                           {product lp64_product} {ergonomic}
     bool UseG1GC                                  = true                                      {product} {ergonomic}
     bool UseLargePagesIndividualAllocation        = false                                  {pd product} {ergonomic}

Logging:
Log output configuration:
 #0: stdout all=warning uptime,level,tags
 #1: stderr all=off uptime,level,tags

Environment Variables:
PATH=C:/Users/vovaf/.p2/pool/plugins/org.eclipse.justj.openjdk.hotspot.jre.full.win32.x86_64_17.0.2.v20220201-1208/jre/bin/server;C:/Users/vovaf/.p2/pool/plugins/org.eclipse.justj.openjdk.hotspot.jre.full.win32.x86_64_17.0.2.v20220201-1208/jre/bin;C:\Program Files (x86)\Common Files\Oracle\Java\javapath;C:\Windows\system32;C:\Windows;C:\Windows\System32\Wbem;C:\Windows\System32\WindowsPowerShell\v1.0\;C:\Windows\System32\OpenSSH\;C:\Program Files\Microsoft SQL Server\130\Tools\Binn\;C:\Program Files\NVIDIA Corporation\NVIDIA NvDLISR;C:\Users\vovaf\AppData\Local\Microsoft\WindowsApps;C:\Users\vovaf\AppData\Local\GitHubDesktop\bin;C:\Windows\System32;
USERNAME=vovaf
OS=Windows_NT
PROCESSOR_IDENTIFIER=AMD64 Family 21 Model 2 Stepping 0, AuthenticAMD



---------------  S Y S T E M  ---------------

OS:
 Windows 10 , 64 bit Build 19041 (10.0.19041.1566)
OS uptime: 19 days 21:28 hours

CPU: total 4 (initial active 4) (4 cores per cpu, 1 threads per core) family 21 model 2 stepping 0 microcode 0x0, cx8, cmov, fxsr, mmx, 3dnowpref, sse, sse2, sse3, ssse3, sse4a, sse4.1, sse4.2, popcnt, lzcnt, tsc, tscinvbit, avx, aes, clmul, bmi1, fma, vzeroupper, clflush

Memory: 4k page, system-wide physical 7679M (1557M free)
TotalPageFile size 7679M (AvailPageFile size 22M)
current process WorkingSet (physical memory assigned to process): 10M, peak: 10M
current process commit charge ("private bytes"): 51M, peak: 171M

vm_info: OpenJDK 64-Bit Server VM (17.0.2+8) for windows-amd64 JRE (17.0.2+8), built on Jan 20 2022 04:52:34 by "" with MS VC++ 16.7 (VS2019)

END.
