#
# There is insufficient memory for the Java Runtime Environment to continue.
# Native memory allocation (mmap) failed to map 65536 bytes for Failed to commit metaspace.
# Possible reasons:
#   The system is out of physical RAM or swap space
#   The process is running with CompressedOops enabled, and the Java Heap may be blocking the growth of the native heap
# Possible solutions:
#   Reduce memory load on the system
#   Increase physical memory or swap space
#   Check if swap backing store is full
#   Decrease Java heap size (-Xmx/-Xms)
#   Decrease number of Java threads
#   Decrease Java thread stack sizes (-Xss)
#   Set larger code cache with -XX:ReservedCodeCacheSize=
#   JVM is running with Unscaled Compressed Oops mode in which the Java heap is
#     placed in the first 4GB address space. The Java Heap base address is the
#     maximum limit for the native heap growth. Please use -XX:HeapBaseMinAddress
#     to set the Java Heap base and to place the Java Heap above 4GB virtual address.
# This output file may be truncated or incomplete.
#
#  Out of Memory Error (virtualSpaceNode.cpp:110), pid=11736, tid=12196
#
# JRE version: OpenJDK Runtime Environment Temurin-17.0.2+8 (17.0.2+8) (build 17.0.2+8)
# Java VM: OpenJDK 64-Bit Server VM Temurin-17.0.2+8 (17.0.2+8, mixed mode, tiered, compressed oops, compressed class ptrs, g1 gc, windows-amd64)
# No core dump will be written. Minidumps are not enabled by default on client versions of Windows
#

---------------  S U M M A R Y ------------

Command Line: -Dfile.encoding=Cp1251 -XX:+ShowCodeDetailsInExceptionMessages MainWindow

Host: AMD FX(tm)-4300 Quad-Core Processor            , 4 cores, 7G,  Windows 10 , 64 bit Build 19041 (10.0.19041.1645)
Time: Mon May 16 18:32:48 2022  Windows 10 , 64 bit Build 19041 (10.0.19041.1645) elapsed time: 0.471401 seconds (0d 0h 0m 0s)

---------------  T H R E A D  ---------------

Current thread (0x000002206f5bac20):  JavaThread "AWT-EventQueue-0" [_thread_in_vm, id=12196, stack(0x0000008659a00000,0x0000008659b00000)]

Stack: [0x0000008659a00000,0x0000008659b00000]
Native frames: (J=compiled Java code, j=interpreted, Vv=VM code, C=native code)
V  [jvm.dll+0x67564a]
V  [jvm.dll+0x82fc04]
V  [jvm.dll+0x8313ae]
V  [jvm.dll+0x831a13]
V  [jvm.dll+0x245235]
V  [jvm.dll+0x82bbab]
V  [jvm.dll+0x61a336]
V  [jvm.dll+0x61a39a]
V  [jvm.dll+0x61cbba]
V  [jvm.dll+0x61acd6]
V  [jvm.dll+0x23abf0]
V  [jvm.dll+0x124d32]
V  [jvm.dll+0x24d834]
V  [jvm.dll+0x24eb35]
V  [jvm.dll+0x1e25f5]
V  [jvm.dll+0x1e1b7d]
V  [jvm.dll+0x53b709]
V  [jvm.dll+0x1f0ab7]
V  [jvm.dll+0x7aa1bb]
V  [jvm.dll+0x7ab562]
V  [jvm.dll+0x7ab898]
V  [jvm.dll+0x23d51e]
V  [jvm.dll+0x37eea6]
C  0x0000022058a9b8ea

Java frames: (J=compiled Java code, j=interpreted, Vv=VM code)
j  javax.swing.text.DefaultEditorKit.<clinit>()V+2 java.desktop@17.0.2
v  ~StubRoutines::call_stub
j  javax.swing.plaf.basic.BasicTextUI.<clinit>()V+11 java.desktop@17.0.2
v  ~StubRoutines::call_stub
j  java.lang.Class.forName0(Ljava/lang/String;ZLjava/lang/ClassLoader;Ljava/lang/Class;)Ljava/lang/Class;+0 java.base@17.0.2
j  java.lang.Class.forName(Ljava/lang/String;ZLjava/lang/ClassLoader;)Ljava/lang/Class;+43 java.base@17.0.2
j  javax.swing.SwingUtilities.loadSystemClass(Ljava/lang/String;)Ljava/lang/Class;+12 java.desktop@17.0.2
j  javax.swing.UIDefaults.getUIClass(Ljava/lang/String;Ljava/lang/ClassLoader;)Ljava/lang/Class;+37 java.desktop@17.0.2
j  javax.swing.UIDefaults.getUI(Ljavax/swing/JComponent;)Ljavax/swing/plaf/ComponentUI;+32 java.desktop@17.0.2
j  javax.swing.UIManager.getUI(Ljavax/swing/JComponent;)Ljavax/swing/plaf/ComponentUI;+37 java.desktop@17.0.2
j  javax.swing.text.JTextComponent.updateUI()V+2 java.desktop@17.0.2
j  javax.swing.text.JTextComponent.<init>()V+62 java.desktop@17.0.2
j  javax.swing.JTextArea.<init>(Ljavax/swing/text/Document;Ljava/lang/String;II)V+1 java.desktop@17.0.2
j  javax.swing.JTextArea.<init>()V+5 java.desktop@17.0.2
j  MainWindow.initialize()V+51
j  MainWindow.<init>()V+5
j  MainWindow$1.run()V+4
j  java.awt.event.InvocationEvent.dispatch()V+47 java.desktop@17.0.2
j  java.awt.EventQueue.dispatchEventImpl(Ljava/awt/AWTEvent;Ljava/lang/Object;)V+21 java.desktop@17.0.2
j  java.awt.EventQueue$4.run()Ljava/lang/Void;+32 java.desktop@17.0.2
j  java.awt.EventQueue$4.run()Ljava/lang/Object;+1 java.desktop@17.0.2
j  java.security.AccessController.executePrivileged(Ljava/security/PrivilegedAction;Ljava/security/AccessControlContext;Ljava/lang/Class;)Ljava/lang/Object;+29 java.base@17.0.2
j  java.security.AccessController.doPrivileged(Ljava/security/PrivilegedAction;Ljava/security/AccessControlContext;)Ljava/lang/Object;+13 java.base@17.0.2
j  java.security.ProtectionDomain$JavaSecurityAccessImpl.doIntersectionPrivilege(Ljava/security/PrivilegedAction;Ljava/security/AccessControlContext;Ljava/security/AccessControlContext;)Ljava/lang/Object;+18 java.base@17.0.2
j  java.awt.EventQueue.dispatchEvent(Ljava/awt/AWTEvent;)V+46 java.desktop@17.0.2
j  java.awt.EventDispatchThread.pumpOneEventForFilters(I)V+78 java.desktop@17.0.2
j  java.awt.EventDispatchThread.pumpEventsForFilter(ILjava/awt/Conditional;Ljava/awt/EventFilter;)V+35 java.desktop@17.0.2
j  java.awt.EventDispatchThread.pumpEventsForHierarchy(ILjava/awt/Conditional;Ljava/awt/Component;)V+11 java.desktop@17.0.2
j  java.awt.EventDispatchThread.pumpEvents(ILjava/awt/Conditional;)V+4 java.desktop@17.0.2
j  java.awt.EventDispatchThread.pumpEvents(Ljava/awt/Conditional;)V+3 java.desktop@17.0.2
j  java.awt.EventDispatchThread.run()V+9 java.desktop@17.0.2
v  ~StubRoutines::call_stub

---------------  P R O C E S S  ---------------

Threads class SMR info:
_java_thread_list=0x000002206f5bd300, length=16, elements={
0x000002205549e920, 0x000002206e660790, 0x000002206e684d70, 0x000002206e6ab000,
0x000002206e6ac060, 0x000002206e6db760, 0x000002206f008480, 0x000002206f008f40,
0x000002206f013540, 0x000002206f15cfb0, 0x000002206f170900, 0x000002206f3e0590,
0x000002206f3e0a60, 0x000002206f3e0f30, 0x000002206f5bac20, 0x00000220553b97f0
}

Java Threads: ( => current thread )
  0x000002205549e920 JavaThread "Reference Handler" daemon [_thread_blocked, id=8952, stack(0x0000008658b00000,0x0000008658c00000)]
  0x000002206e660790 JavaThread "Finalizer" daemon [_thread_blocked, id=10724, stack(0x0000008658c00000,0x0000008658d00000)]
  0x000002206e684d70 JavaThread "Signal Dispatcher" daemon [_thread_blocked, id=12152, stack(0x0000008658d00000,0x0000008658e00000)]
  0x000002206e6ab000 JavaThread "Attach Listener" daemon [_thread_blocked, id=6736, stack(0x0000008658e00000,0x0000008658f00000)]
  0x000002206e6ac060 JavaThread "Service Thread" daemon [_thread_blocked, id=6512, stack(0x0000008658f00000,0x0000008659000000)]
  0x000002206e6db760 JavaThread "Monitor Deflation Thread" daemon [_thread_blocked, id=10728, stack(0x0000008659000000,0x0000008659100000)]
  0x000002206f008480 JavaThread "C2 CompilerThread0" daemon [_thread_blocked, id=4744, stack(0x0000008659100000,0x0000008659200000)]
  0x000002206f008f40 JavaThread "C1 CompilerThread0" daemon [_thread_blocked, id=6236, stack(0x0000008659200000,0x0000008659300000)]
  0x000002206f013540 JavaThread "Sweeper thread" daemon [_thread_blocked, id=12076, stack(0x0000008659300000,0x0000008659400000)]
  0x000002206f15cfb0 JavaThread "Notification Thread" daemon [_thread_blocked, id=9476, stack(0x0000008659400000,0x0000008659500000)]
  0x000002206f170900 JavaThread "Common-Cleaner" daemon [_thread_blocked, id=10564, stack(0x0000008659600000,0x0000008659700000)]
  0x000002206f3e0590 JavaThread "Java2D Disposer" daemon [_thread_blocked, id=8220, stack(0x0000008659700000,0x0000008659800000)]
  0x000002206f3e0a60 JavaThread "AWT-Shutdown" [_thread_blocked, id=9292, stack(0x0000008659800000,0x0000008659900000)]
  0x000002206f3e0f30 JavaThread "AWT-Windows" daemon [_thread_in_native, id=10044, stack(0x0000008659900000,0x0000008659a00000)]
=>0x000002206f5bac20 JavaThread "AWT-EventQueue-0" [_thread_in_vm, id=12196, stack(0x0000008659a00000,0x0000008659b00000)]
  0x00000220553b97f0 JavaThread "DestroyJavaVM" [_thread_blocked, id=9884, stack(0x0000008658400000,0x0000008658500000)]

Other Threads:
  0x000002206e6777c0 VMThread "VM Thread" [stack: 0x0000008658a00000,0x0000008658b00000] [id=3372]
  0x0000022055411d90 WatcherThread [stack: 0x0000008659500000,0x0000008659600000] [id=8064]
  0x00000220553f8920 GCTaskThread "GC Thread#0" [stack: 0x0000008658500000,0x0000008658600000] [id=2624]
  0x0000022055408860 ConcurrentGCThread "G1 Main Marker" [stack: 0x0000008658600000,0x0000008658700000] [id=10412]
  0x000002205540a280 ConcurrentGCThread "G1 Conc#0" [stack: 0x0000008658700000,0x0000008658800000] [id=10444]
  0x0000022055473d20 ConcurrentGCThread "G1 Refine#0" [stack: 0x0000008658800000,0x0000008658900000] [id=9456]
  0x0000022055474740 ConcurrentGCThread "G1 Service" [stack: 0x0000008658900000,0x0000008658a00000] [id=10976]

Threads with active compile tasks:

VM state: not at safepoint (normal execution)

VM Mutex/Monitor currently owned by a thread:  ([mutex/lock_event])
[0x00000220553b1500] Metaspace_lock - owner thread: 0x000002206f5bac20

Heap address: 0x0000000088000000, size: 1920 MB, Compressed Oops mode: 32-bit

CDS archive(s) not mapped
Compressed class space mapped at: 0x0000000100000000-0x0000000140000000, reserved size: 1073741824
Narrow klass base: 0x0000000000000000, Narrow klass shift: 3, Narrow klass range: 0x140000000

GC Precious Log:
 CPUs: 4 total, 4 available
 Memory: 7679M
 Large Page Support: Disabled
 NUMA Support: Disabled
 Compressed Oops: Enabled (32-bit)
 Heap Region Size: 1M
 Heap Min Capacity: 8M
 Heap Initial Capacity: 120M
 Heap Max Capacity: 1920M
 Pre-touch: Disabled
 Parallel Workers: 4
 Concurrent Workers: 1
 Concurrent Refinement Workers: 4
 Periodic GC: Disabled

Heap:
 garbage-first heap   total 122880K, used 4096K [0x0000000088000000, 0x0000000100000000)
  region size 1024K, 5 young (5120K), 0 survivors (0K)
 Metaspace       used 10850K, committed 11008K, reserved 1064960K
  class space    used 1052K, committed 1152K, reserved 1048576K

Heap Regions: E=young(eden), S=young(survivor), O=old, HS=humongous(starts), HC=humongous(continues), CS=collection set, F=free, OA=open archive, CA=closed archive, TAMS=top-at-mark-start (previous, next)
|   0|0x0000000088000000, 0x0000000088000000, 0x0000000088100000|  0%| F|  |TAMS 0x0000000088000000, 0x0000000088000000| Untracked 
|   1|0x0000000088100000, 0x0000000088100000, 0x0000000088200000|  0%| F|  |TAMS 0x0000000088100000, 0x0000000088100000| Untracked 
|   2|0x0000000088200000, 0x0000000088200000, 0x0000000088300000|  0%| F|  |TAMS 0x0000000088200000, 0x0000000088200000| Untracked 
|   3|0x0000000088300000, 0x0000000088300000, 0x0000000088400000|  0%| F|  |TAMS 0x0000000088300000, 0x0000000088300000| Untracked 
|   4|0x0000000088400000, 0x0000000088400000, 0x0000000088500000|  0%| F|  |TAMS 0x0000000088400000, 0x0000000088400000| Untracked 
|   5|0x0000000088500000, 0x0000000088500000, 0x0000000088600000|  0%| F|  |TAMS 0x0000000088500000, 0x0000000088500000| Untracked 
|   6|0x0000000088600000, 0x0000000088600000, 0x0000000088700000|  0%| F|  |TAMS 0x0000000088600000, 0x0000000088600000| Untracked 
|   7|0x0000000088700000, 0x0000000088700000, 0x0000000088800000|  0%| F|  |TAMS 0x0000000088700000, 0x0000000088700000| Untracked 
|   8|0x0000000088800000, 0x0000000088800000, 0x0000000088900000|  0%| F|  |TAMS 0x0000000088800000, 0x0000000088800000| Untracked 
|   9|0x0000000088900000, 0x0000000088900000, 0x0000000088a00000|  0%| F|  |TAMS 0x0000000088900000, 0x0000000088900000| Untracked 
|  10|0x0000000088a00000, 0x0000000088a00000, 0x0000000088b00000|  0%| F|  |TAMS 0x0000000088a00000, 0x0000000088a00000| Untracked 
|  11|0x0000000088b00000, 0x0000000088b00000, 0x0000000088c00000|  0%| F|  |TAMS 0x0000000088b00000, 0x0000000088b00000| Untracked 
|  12|0x0000000088c00000, 0x0000000088c00000, 0x0000000088d00000|  0%| F|  |TAMS 0x0000000088c00000, 0x0000000088c00000| Untracked 
|  13|0x0000000088d00000, 0x0000000088d00000, 0x0000000088e00000|  0%| F|  |TAMS 0x0000000088d00000, 0x0000000088d00000| Untracked 
|  14|0x0000000088e00000, 0x0000000088e00000, 0x0000000088f00000|  0%| F|  |TAMS 0x0000000088e00000, 0x0000000088e00000| Untracked 
|  15|0x0000000088f00000, 0x0000000088f00000, 0x0000000089000000|  0%| F|  |TAMS 0x0000000088f00000, 0x0000000088f00000| Untracked 
|  16|0x0000000089000000, 0x0000000089000000, 0x0000000089100000|  0%| F|  |TAMS 0x0000000089000000, 0x0000000089000000| Untracked 
|  17|0x0000000089100000, 0x0000000089100000, 0x0000000089200000|  0%| F|  |TAMS 0x0000000089100000, 0x0000000089100000| Untracked 
|  18|0x0000000089200000, 0x0000000089200000, 0x0000000089300000|  0%| F|  |TAMS 0x0000000089200000, 0x0000000089200000| Untracked 
|  19|0x0000000089300000, 0x0000000089300000, 0x0000000089400000|  0%| F|  |TAMS 0x0000000089300000, 0x0000000089300000| Untracked 
|  20|0x0000000089400000, 0x0000000089400000, 0x0000000089500000|  0%| F|  |TAMS 0x0000000089400000, 0x0000000089400000| Untracked 
|  21|0x0000000089500000, 0x0000000089500000, 0x0000000089600000|  0%| F|  |TAMS 0x0000000089500000, 0x0000000089500000| Untracked 
|  22|0x0000000089600000, 0x0000000089600000, 0x0000000089700000|  0%| F|  |TAMS 0x0000000089600000, 0x0000000089600000| Untracked 
|  23|0x0000000089700000, 0x0000000089700000, 0x0000000089800000|  0%| F|  |TAMS 0x0000000089700000, 0x0000000089700000| Untracked 
|  24|0x0000000089800000, 0x0000000089800000, 0x0000000089900000|  0%| F|  |TAMS 0x0000000089800000, 0x0000000089800000| Untracked 
|  25|0x0000000089900000, 0x0000000089900000, 0x0000000089a00000|  0%| F|  |TAMS 0x0000000089900000, 0x0000000089900000| Untracked 
|  26|0x0000000089a00000, 0x0000000089a00000, 0x0000000089b00000|  0%| F|  |TAMS 0x0000000089a00000, 0x0000000089a00000| Untracked 
|  27|0x0000000089b00000, 0x0000000089b00000, 0x0000000089c00000|  0%| F|  |TAMS 0x0000000089b00000, 0x0000000089b00000| Untracked 
|  28|0x0000000089c00000, 0x0000000089c00000, 0x0000000089d00000|  0%| F|  |TAMS 0x0000000089c00000, 0x0000000089c00000| Untracked 
|  29|0x0000000089d00000, 0x0000000089d00000, 0x0000000089e00000|  0%| F|  |TAMS 0x0000000089d00000, 0x0000000089d00000| Untracked 
|  30|0x0000000089e00000, 0x0000000089e00000, 0x0000000089f00000|  0%| F|  |TAMS 0x0000000089e00000, 0x0000000089e00000| Untracked 
|  31|0x0000000089f00000, 0x0000000089f00000, 0x000000008a000000|  0%| F|  |TAMS 0x0000000089f00000, 0x0000000089f00000| Untracked 
|  32|0x000000008a000000, 0x000000008a000000, 0x000000008a100000|  0%| F|  |TAMS 0x000000008a000000, 0x000000008a000000| Untracked 
|  33|0x000000008a100000, 0x000000008a100000, 0x000000008a200000|  0%| F|  |TAMS 0x000000008a100000, 0x000000008a100000| Untracked 
|  34|0x000000008a200000, 0x000000008a200000, 0x000000008a300000|  0%| F|  |TAMS 0x000000008a200000, 0x000000008a200000| Untracked 
|  35|0x000000008a300000, 0x000000008a300000, 0x000000008a400000|  0%| F|  |TAMS 0x000000008a300000, 0x000000008a300000| Untracked 
|  36|0x000000008a400000, 0x000000008a400000, 0x000000008a500000|  0%| F|  |TAMS 0x000000008a400000, 0x000000008a400000| Untracked 
|  37|0x000000008a500000, 0x000000008a500000, 0x000000008a600000|  0%| F|  |TAMS 0x000000008a500000, 0x000000008a500000| Untracked 
|  38|0x000000008a600000, 0x000000008a600000, 0x000000008a700000|  0%| F|  |TAMS 0x000000008a600000, 0x000000008a600000| Untracked 
|  39|0x000000008a700000, 0x000000008a700000, 0x000000008a800000|  0%| F|  |TAMS 0x000000008a700000, 0x000000008a700000| Untracked 
|  40|0x000000008a800000, 0x000000008a800000, 0x000000008a900000|  0%| F|  |TAMS 0x000000008a800000, 0x000000008a800000| Untracked 
|  41|0x000000008a900000, 0x000000008a900000, 0x000000008aa00000|  0%| F|  |TAMS 0x000000008a900000, 0x000000008a900000| Untracked 
|  42|0x000000008aa00000, 0x000000008aa00000, 0x000000008ab00000|  0%| F|  |TAMS 0x000000008aa00000, 0x000000008aa00000| Untracked 
|  43|0x000000008ab00000, 0x000000008ab00000, 0x000000008ac00000|  0%| F|  |TAMS 0x000000008ab00000, 0x000000008ab00000| Untracked 
|  44|0x000000008ac00000, 0x000000008ac00000, 0x000000008ad00000|  0%| F|  |TAMS 0x000000008ac00000, 0x000000008ac00000| Untracked 
|  45|0x000000008ad00000, 0x000000008ad00000, 0x000000008ae00000|  0%| F|  |TAMS 0x000000008ad00000, 0x000000008ad00000| Untracked 
|  46|0x000000008ae00000, 0x000000008ae00000, 0x000000008af00000|  0%| F|  |TAMS 0x000000008ae00000, 0x000000008ae00000| Untracked 
|  47|0x000000008af00000, 0x000000008af00000, 0x000000008b000000|  0%| F|  |TAMS 0x000000008af00000, 0x000000008af00000| Untracked 
|  48|0x000000008b000000, 0x000000008b000000, 0x000000008b100000|  0%| F|  |TAMS 0x000000008b000000, 0x000000008b000000| Untracked 
|  49|0x000000008b100000, 0x000000008b100000, 0x000000008b200000|  0%| F|  |TAMS 0x000000008b100000, 0x000000008b100000| Untracked 
|  50|0x000000008b200000, 0x000000008b200000, 0x000000008b300000|  0%| F|  |TAMS 0x000000008b200000, 0x000000008b200000| Untracked 
|  51|0x000000008b300000, 0x000000008b300000, 0x000000008b400000|  0%| F|  |TAMS 0x000000008b300000, 0x000000008b300000| Untracked 
|  52|0x000000008b400000, 0x000000008b400000, 0x000000008b500000|  0%| F|  |TAMS 0x000000008b400000, 0x000000008b400000| Untracked 
|  53|0x000000008b500000, 0x000000008b500000, 0x000000008b600000|  0%| F|  |TAMS 0x000000008b500000, 0x000000008b500000| Untracked 
|  54|0x000000008b600000, 0x000000008b600000, 0x000000008b700000|  0%| F|  |TAMS 0x000000008b600000, 0x000000008b600000| Untracked 
|  55|0x000000008b700000, 0x000000008b700000, 0x000000008b800000|  0%| F|  |TAMS 0x000000008b700000, 0x000000008b700000| Untracked 
|  56|0x000000008b800000, 0x000000008b800000, 0x000000008b900000|  0%| F|  |TAMS 0x000000008b800000, 0x000000008b800000| Untracked 
|  57|0x000000008b900000, 0x000000008b900000, 0x000000008ba00000|  0%| F|  |TAMS 0x000000008b900000, 0x000000008b900000| Untracked 
|  58|0x000000008ba00000, 0x000000008ba00000, 0x000000008bb00000|  0%| F|  |TAMS 0x000000008ba00000, 0x000000008ba00000| Untracked 
|  59|0x000000008bb00000, 0x000000008bb00000, 0x000000008bc00000|  0%| F|  |TAMS 0x000000008bb00000, 0x000000008bb00000| Untracked 
|  60|0x000000008bc00000, 0x000000008bc00000, 0x000000008bd00000|  0%| F|  |TAMS 0x000000008bc00000, 0x000000008bc00000| Untracked 
|  61|0x000000008bd00000, 0x000000008bd00000, 0x000000008be00000|  0%| F|  |TAMS 0x000000008bd00000, 0x000000008bd00000| Untracked 
|  62|0x000000008be00000, 0x000000008be00000, 0x000000008bf00000|  0%| F|  |TAMS 0x000000008be00000, 0x000000008be00000| Untracked 
|  63|0x000000008bf00000, 0x000000008bf00000, 0x000000008c000000|  0%| F|  |TAMS 0x000000008bf00000, 0x000000008bf00000| Untracked 
|  64|0x000000008c000000, 0x000000008c000000, 0x000000008c100000|  0%| F|  |TAMS 0x000000008c000000, 0x000000008c000000| Untracked 
|  65|0x000000008c100000, 0x000000008c100000, 0x000000008c200000|  0%| F|  |TAMS 0x000000008c100000, 0x000000008c100000| Untracked 
|  66|0x000000008c200000, 0x000000008c200000, 0x000000008c300000|  0%| F|  |TAMS 0x000000008c200000, 0x000000008c200000| Untracked 
|  67|0x000000008c300000, 0x000000008c300000, 0x000000008c400000|  0%| F|  |TAMS 0x000000008c300000, 0x000000008c300000| Untracked 
|  68|0x000000008c400000, 0x000000008c400000, 0x000000008c500000|  0%| F|  |TAMS 0x000000008c400000, 0x000000008c400000| Untracked 
|  69|0x000000008c500000, 0x000000008c500000, 0x000000008c600000|  0%| F|  |TAMS 0x000000008c500000, 0x000000008c500000| Untracked 
|  70|0x000000008c600000, 0x000000008c600000, 0x000000008c700000|  0%| F|  |TAMS 0x000000008c600000, 0x000000008c600000| Untracked 
|  71|0x000000008c700000, 0x000000008c700000, 0x000000008c800000|  0%| F|  |TAMS 0x000000008c700000, 0x000000008c700000| Untracked 
|  72|0x000000008c800000, 0x000000008c800000, 0x000000008c900000|  0%| F|  |TAMS 0x000000008c800000, 0x000000008c800000| Untracked 
|  73|0x000000008c900000, 0x000000008c900000, 0x000000008ca00000|  0%| F|  |TAMS 0x000000008c900000, 0x000000008c900000| Untracked 
|  74|0x000000008ca00000, 0x000000008ca00000, 0x000000008cb00000|  0%| F|  |TAMS 0x000000008ca00000, 0x000000008ca00000| Untracked 
|  75|0x000000008cb00000, 0x000000008cb00000, 0x000000008cc00000|  0%| F|  |TAMS 0x000000008cb00000, 0x000000008cb00000| Untracked 
|  76|0x000000008cc00000, 0x000000008cc00000, 0x000000008cd00000|  0%| F|  |TAMS 0x000000008cc00000, 0x000000008cc00000| Untracked 
|  77|0x000000008cd00000, 0x000000008cd00000, 0x000000008ce00000|  0%| F|  |TAMS 0x000000008cd00000, 0x000000008cd00000| Untracked 
|  78|0x000000008ce00000, 0x000000008ce00000, 0x000000008cf00000|  0%| F|  |TAMS 0x000000008ce00000, 0x000000008ce00000| Untracked 
|  79|0x000000008cf00000, 0x000000008cf00000, 0x000000008d000000|  0%| F|  |TAMS 0x000000008cf00000, 0x000000008cf00000| Untracked 
|  80|0x000000008d000000, 0x000000008d000000, 0x000000008d100000|  0%| F|  |TAMS 0x000000008d000000, 0x000000008d000000| Untracked 
|  81|0x000000008d100000, 0x000000008d100000, 0x000000008d200000|  0%| F|  |TAMS 0x000000008d100000, 0x000000008d100000| Untracked 
|  82|0x000000008d200000, 0x000000008d200000, 0x000000008d300000|  0%| F|  |TAMS 0x000000008d200000, 0x000000008d200000| Untracked 
|  83|0x000000008d300000, 0x000000008d300000, 0x000000008d400000|  0%| F|  |TAMS 0x000000008d300000, 0x000000008d300000| Untracked 
|  84|0x000000008d400000, 0x000000008d400000, 0x000000008d500000|  0%| F|  |TAMS 0x000000008d400000, 0x000000008d400000| Untracked 
|  85|0x000000008d500000, 0x000000008d500000, 0x000000008d600000|  0%| F|  |TAMS 0x000000008d500000, 0x000000008d500000| Untracked 
|  86|0x000000008d600000, 0x000000008d600000, 0x000000008d700000|  0%| F|  |TAMS 0x000000008d600000, 0x000000008d600000| Untracked 
|  87|0x000000008d700000, 0x000000008d700000, 0x000000008d800000|  0%| F|  |TAMS 0x000000008d700000, 0x000000008d700000| Untracked 
|  88|0x000000008d800000, 0x000000008d800000, 0x000000008d900000|  0%| F|  |TAMS 0x000000008d800000, 0x000000008d800000| Untracked 
|  89|0x000000008d900000, 0x000000008d900000, 0x000000008da00000|  0%| F|  |TAMS 0x000000008d900000, 0x000000008d900000| Untracked 
|  90|0x000000008da00000, 0x000000008da00000, 0x000000008db00000|  0%| F|  |TAMS 0x000000008da00000, 0x000000008da00000| Untracked 
|  91|0x000000008db00000, 0x000000008db00000, 0x000000008dc00000|  0%| F|  |TAMS 0x000000008db00000, 0x000000008db00000| Untracked 
|  92|0x000000008dc00000, 0x000000008dc00000, 0x000000008dd00000|  0%| F|  |TAMS 0x000000008dc00000, 0x000000008dc00000| Untracked 
|  93|0x000000008dd00000, 0x000000008dd00000, 0x000000008de00000|  0%| F|  |TAMS 0x000000008dd00000, 0x000000008dd00000| Untracked 
|  94|0x000000008de00000, 0x000000008de00000, 0x000000008df00000|  0%| F|  |TAMS 0x000000008de00000, 0x000000008de00000| Untracked 
|  95|0x000000008df00000, 0x000000008df00000, 0x000000008e000000|  0%| F|  |TAMS 0x000000008df00000, 0x000000008df00000| Untracked 
|  96|0x000000008e000000, 0x000000008e000000, 0x000000008e100000|  0%| F|  |TAMS 0x000000008e000000, 0x000000008e000000| Untracked 
|  97|0x000000008e100000, 0x000000008e100000, 0x000000008e200000|  0%| F|  |TAMS 0x000000008e100000, 0x000000008e100000| Untracked 
|  98|0x000000008e200000, 0x000000008e200000, 0x000000008e300000|  0%| F|  |TAMS 0x000000008e200000, 0x000000008e200000| Untracked 
|  99|0x000000008e300000, 0x000000008e300000, 0x000000008e400000|  0%| F|  |TAMS 0x000000008e300000, 0x000000008e300000| Untracked 
| 100|0x000000008e400000, 0x000000008e400000, 0x000000008e500000|  0%| F|  |TAMS 0x000000008e400000, 0x000000008e400000| Untracked 
| 101|0x000000008e500000, 0x000000008e500000, 0x000000008e600000|  0%| F|  |TAMS 0x000000008e500000, 0x000000008e500000| Untracked 
| 102|0x000000008e600000, 0x000000008e600000, 0x000000008e700000|  0%| F|  |TAMS 0x000000008e600000, 0x000000008e600000| Untracked 
| 103|0x000000008e700000, 0x000000008e700000, 0x000000008e800000|  0%| F|  |TAMS 0x000000008e700000, 0x000000008e700000| Untracked 
| 104|0x000000008e800000, 0x000000008e800000, 0x000000008e900000|  0%| F|  |TAMS 0x000000008e800000, 0x000000008e800000| Untracked 
| 105|0x000000008e900000, 0x000000008e900000, 0x000000008ea00000|  0%| F|  |TAMS 0x000000008e900000, 0x000000008e900000| Untracked 
| 106|0x000000008ea00000, 0x000000008ea00000, 0x000000008eb00000|  0%| F|  |TAMS 0x000000008ea00000, 0x000000008ea00000| Untracked 
| 107|0x000000008eb00000, 0x000000008eb00000, 0x000000008ec00000|  0%| F|  |TAMS 0x000000008eb00000, 0x000000008eb00000| Untracked 
| 108|0x000000008ec00000, 0x000000008ec00000, 0x000000008ed00000|  0%| F|  |TAMS 0x000000008ec00000, 0x000000008ec00000| Untracked 
| 109|0x000000008ed00000, 0x000000008ed00000, 0x000000008ee00000|  0%| F|  |TAMS 0x000000008ed00000, 0x000000008ed00000| Untracked 
| 110|0x000000008ee00000, 0x000000008ee00000, 0x000000008ef00000|  0%| F|  |TAMS 0x000000008ee00000, 0x000000008ee00000| Untracked 
| 111|0x000000008ef00000, 0x000000008ef00000, 0x000000008f000000|  0%| F|  |TAMS 0x000000008ef00000, 0x000000008ef00000| Untracked 
| 112|0x000000008f000000, 0x000000008f000000, 0x000000008f100000|  0%| F|  |TAMS 0x000000008f000000, 0x000000008f000000| Untracked 
| 113|0x000000008f100000, 0x000000008f100000, 0x000000008f200000|  0%| F|  |TAMS 0x000000008f100000, 0x000000008f100000| Untracked 
| 114|0x000000008f200000, 0x000000008f200000, 0x000000008f300000|  0%| F|  |TAMS 0x000000008f200000, 0x000000008f200000| Untracked 
| 115|0x000000008f300000, 0x000000008f343d48, 0x000000008f400000| 26%| E|  |TAMS 0x000000008f300000, 0x000000008f300000| Complete 
| 116|0x000000008f400000, 0x000000008f500000, 0x000000008f500000|100%| E|CS|TAMS 0x000000008f400000, 0x000000008f400000| Complete 
| 117|0x000000008f500000, 0x000000008f600000, 0x000000008f600000|100%| E|CS|TAMS 0x000000008f500000, 0x000000008f500000| Complete 
| 118|0x000000008f600000, 0x000000008f700000, 0x000000008f700000|100%| E|CS|TAMS 0x000000008f600000, 0x000000008f600000| Complete 
| 119|0x000000008f700000, 0x000000008f800000, 0x000000008f800000|100%| E|CS|TAMS 0x000000008f700000, 0x000000008f700000| Complete 

Card table byte_map: [0x0000022067e40000,0x0000022068200000] _byte_map_base: 0x0000022067a00000

Marking Bits (Prev, Next): (CMBitMap*) 0x00000220553f8f30, (CMBitMap*) 0x00000220553f8f70
 Prev Bits: [0x00000220685c0000, 0x000002206a3c0000)
 Next Bits: [0x000002206a3c0000, 0x000002206c1c0000)

Polling page: 0x0000022053340000

Metaspace:

Usage:
  Non-class:      9.57 MB used.
      Class:      1.03 MB used.
       Both:     10.60 MB used.

Virtual space:
  Non-class space:       16.00 MB reserved,       9.62 MB ( 60%) committed,  2 nodes.
      Class space:        1.00 GB reserved,       1.12 MB ( <1%) committed,  1 nodes.
             Both:        1.02 GB reserved,      10.75 MB (  1%) committed. 

Chunk freelists:
   Non-Class:  2.22 MB
       Class:  2.75 MB
        Both:  4.97 MB

MaxMetaspaceSize: unlimited
CompressedClassSpaceSize: 1.00 GB
Initial GC threshold: 21.00 MB
Current GC threshold: 21.00 MB
CDS: off
MetaspaceReclaimPolicy: balanced
 - commit_granule_bytes: 65536.
 - commit_granule_words: 8192.
 - virtual_space_node_default_size: 1048576.
 - enlarge_chunks_in_place: 1.
 - new_chunks_are_fully_committed: 0.
 - uncommit_free_chunks: 1.
 - use_allocation_guard: 0.
 - handle_deallocations: 1.


Internal statistics:

num_allocs_failed_limit: 0.
num_arena_births: 90.
num_arena_deaths: 0.
num_vsnodes_births: 3.
num_vsnodes_deaths: 0.
num_space_committed: 172.
num_space_uncommitted: 0.
num_chunks_returned_to_freelist: 0.
num_chunks_taken_from_freelist: 116.
num_chunk_merges: 0.
num_chunk_splits: 70.
num_chunks_enlarged: 43.
num_purges: 0.
num_inconsistent_stats: 0.

CodeHeap 'non-profiled nmethods': size=120000Kb used=129Kb max_used=129Kb free=119870Kb
 bounds [0x0000022060550000, 0x00000220607c0000, 0x0000022067a80000]
CodeHeap 'profiled nmethods': size=120000Kb used=698Kb max_used=698Kb free=119301Kb
 bounds [0x0000022059020000, 0x0000022059290000, 0x0000022060550000]
CodeHeap 'non-nmethods': size=5760Kb used=1183Kb max_used=1189Kb free=4576Kb
 bounds [0x0000022058a80000, 0x0000022058cf0000, 0x0000022059020000]
 total_blobs=973 nmethods=488 adapters=399
 compilation: enabled
              stopped_count=0, restarted_count=0
 full_count=0

Compilation events (20 events):
Event: 0.459 Thread 0x000002206f008f40  478       3       java.lang.Short::reverseBytes (14 bytes)
Event: 0.459 Thread 0x000002206f008f40 nmethod 478 0x00000220590c9c10 code [0x00000220590c9da0, 0x00000220590c9e98]
Event: 0.459 Thread 0x000002206f008f40  479       3       java.nio.ByteBufferAsShortBufferB::get (30 bytes)
Event: 0.459 Thread 0x000002206f008f40 nmethod 479 0x00000220590c9f10 code [0x00000220590ca160, 0x00000220590ca9e8]
Event: 0.459 Thread 0x000002206f008f40  482       1       java.lang.invoke.MethodHandleNatives::isPullModeBSM (2 bytes)
Event: 0.459 Thread 0x000002206f008f40 nmethod 482 0x000002206056ff90 code [0x0000022060570120, 0x00000220605701d8]
Event: 0.459 Thread 0x000002206f008f40  483       1       java.lang.invoke.MethodHandleImpl::isCompileConstant (2 bytes)
Event: 0.459 Thread 0x000002206f008f40 nmethod 483 0x0000022060570290 code [0x0000022060570420, 0x00000220605704d8]
Event: 0.460 Thread 0x000002206f008f40  484       3       sun.util.logging.PlatformLogger::isLoggable (23 bytes)
Event: 0.460 Thread 0x000002206f008f40 nmethod 484 0x00000220590cad90 code [0x00000220590caf40, 0x00000220590cb218]
Event: 0.460 Thread 0x000002206f008f40  485       3       jdk.internal.logger.AbstractLoggerWrapper::isLoggable (26 bytes)
Event: 0.461 Thread 0x000002206f008f40 nmethod 485 0x00000220590cb310 code [0x00000220590cb500, 0x00000220590cba78]
Event: 0.462 Thread 0x000002206f008f40  486       3       java.lang.invoke.MethodType::parameterSlotCount (8 bytes)
Event: 0.462 Thread 0x000002206f008f40 nmethod 486 0x00000220590cbc10 code [0x00000220590cbda0, 0x00000220590cbed8]
Event: 0.462 Thread 0x000002206f008f40  487       3       jdk.internal.org.objectweb.asm.Frame::push (59 bytes)
Event: 0.463 Thread 0x000002206f008f40 nmethod 487 0x00000220590cbf90 code [0x00000220590cc1c0, 0x00000220590cc918]
Event: 0.463 Thread 0x000002206f008f40  488       3       jdk.internal.org.objectweb.asm.Type::getDescriptor (93 bytes)
Event: 0.463 Thread 0x000002206f008f40 nmethod 488 0x00000220590ccc10 code [0x00000220590cce80, 0x00000220590cd608]
Event: 0.466 Thread 0x000002206f008f40  489   !   3       sun.awt.AppContext::get (123 bytes)
Event: 0.466 Thread 0x000002206f008f40 nmethod 489 0x00000220590cd890 code [0x00000220590cdaa0, 0x00000220590ce4e8]

GC Heap History (0 events):
No events

Deoptimization events (0 events):
No events

Classes unloaded (0 events):
No events

Classes redefined (0 events):
No events

Internal exceptions (11 events):
Event: 0.166 Thread 0x00000220553b97f0 Exception <a 'java/lang/ClassNotFoundException'{0x000000008f65a4d8}: sun/awt/resources/spi/awtProvider> (0x000000008f65a4d8) 
thrown [e:\jenkins\tmp\workspace\build\src\src\hotspot\share\classfile\systemDictionary.cpp, line 256]
Event: 0.203 Thread 0x00000220553b97f0 Exception <a 'java/io/FileNotFoundException'{0x000000008f6a8b00}> (0x000000008f6a8b00) 
thrown [e:\jenkins\tmp\workspace\build\src\src\hotspot\share\prims\jni.cpp, line 516]
Event: 0.210 Thread 0x00000220553b97f0 Exception <a 'java/io/FileNotFoundException'{0x000000008f6d5f38}> (0x000000008f6d5f38) 
thrown [e:\jenkins\tmp\workspace\build\src\src\hotspot\share\prims\jni.cpp, line 516]
Event: 0.257 Thread 0x00000220553b97f0 Exception <a 'java/lang/NoSuchMethodError'{0x000000008f5098d8}: 'java.lang.Object java.lang.invoke.DirectMethodHandle$Holder.invokeStaticInit(java.lang.Object)'> (0x000000008f5098d8) 
thrown [e:\jenkins\tmp\workspace\build\src\src\hotspot\share\interpreter\linkResolver.cpp, line 766]
Event: 0.286 Thread 0x00000220553b97f0 Exception <a 'java/lang/NoSuchMethodError'{0x000000008f539458}: 'void java.lang.invoke.DirectMethodHandle$Holder.invokeSpecial(java.lang.Object, java.lang.Object, java.lang.Object)'> (0x000000008f539458) 
thrown [e:\jenkins\tmp\workspace\build\src\src\hotspot\share\interpreter\linkResolver.cpp, line 766]
Event: 0.298 Thread 0x00000220553b97f0 Exception <a 'java/lang/NoSuchMethodError'{0x000000008f58ec78}: 'void java.lang.invoke.DirectMethodHandle$Holder.invokeStaticInit(java.lang.Object)'> (0x000000008f58ec78) 
thrown [e:\jenkins\tmp\workspace\build\src\src\hotspot\share\interpreter\linkResolver.cpp, line 766]
Event: 0.304 Thread 0x00000220553b97f0 Exception <a 'java/lang/NoSuchMethodError'{0x000000008f5b2ea8}: 'java.lang.Object java.lang.invoke.DirectMethodHandle$Holder.newInvokeSpecial(java.lang.Object, java.lang.Object, java.lang.Object, java.lang.Object, java.lang.Object)'> (0x000000008f5b2ea8) 
thrown [e:\jenkins\tmp\workspace\build\src\src\hotspot\share\interpreter\linkResolver.cpp, line 766]
Event: 0.305 Thread 0x00000220553b97f0 Exception <a 'java/lang/NoSuchMethodError'{0x000000008f5be5c8}: 'java.lang.Object java.lang.invoke.DirectMethodHandle$Holder.invokeStatic(java.lang.Object, int, java.lang.Object, java.lang.Object, java.lang.Object, java.lang.Object)'> (0x000000008f5be5c8) 
thrown [e:\jenkins\tmp\workspace\build\src\src\hotspot\share\interpreter\linkResolver.cpp, line 766]
Event: 0.310 Thread 0x00000220553b97f0 Exception <a 'java/lang/NoSuchMethodError'{0x000000008f5e3d28}: 'java.lang.Object java.lang.invoke.DirectMethodHandle$Holder.invokeStatic(java.lang.Object, int, java.lang.Object)'> (0x000000008f5e3d28) 
thrown [e:\jenkins\tmp\workspace\build\src\src\hotspot\share\interpreter\linkResolver.cpp, line 766]
Event: 0.330 Thread 0x00000220553b97f0 Exception <a 'java/lang/ClassNotFoundException'{0x000000008f466e10}: com/sun/java/swing/plaf/windows/resources/spi/windowsProvider> (0x000000008f466e10) 
thrown [e:\jenkins\tmp\workspace\build\src\src\hotspot\share\classfile\systemDictionary.cpp, line 256]
Event: 0.331 Thread 0x00000220553b97f0 Exception <a 'java/lang/ClassNotFoundException'{0x000000008f46ad68}: com/sun/swing/internal/plaf/basic/resources/spi/basicProvider> (0x000000008f46ad68) 
thrown [e:\jenkins\tmp\workspace\build\src\src\hotspot\share\classfile\systemDictionary.cpp, line 256]

VM Operations (4 events):
Event: 0.330 Executing VM operation: HandshakeAllThreads
Event: 0.330 Executing VM operation: HandshakeAllThreads done
Event: 0.445 Executing VM operation: HandshakeAllThreads
Event: 0.445 Executing VM operation: HandshakeAllThreads done

Events (20 events):
Event: 0.468 loading class java/awt/event/MouseWheelListener
Event: 0.468 loading class java/awt/event/MouseWheelListener done
Event: 0.468 loading class java/awt/AWTEventMulticaster done
Event: 0.468 loading class com/sun/java/swing/plaf/windows/WindowsTextAreaUI
Event: 0.468 loading class javax/swing/plaf/basic/BasicTextAreaUI
Event: 0.468 loading class javax/swing/plaf/basic/BasicTextUI
Event: 0.468 loading class javax/swing/text/ViewFactory
Event: 0.468 loading class javax/swing/text/ViewFactory done
Event: 0.469 loading class javax/swing/plaf/TextUI
Event: 0.469 loading class javax/swing/plaf/TextUI done
Event: 0.469 loading class javax/swing/plaf/basic/BasicTextUI done
Event: 0.469 loading class javax/swing/plaf/basic/BasicTextAreaUI done
Event: 0.469 loading class com/sun/java/swing/plaf/windows/WindowsTextAreaUI done
Event: 0.469 loading class javax/swing/plaf/basic/BasicTextUI$BasicCursor
Event: 0.469 loading class javax/swing/plaf/basic/BasicTextUI$BasicCursor done
Event: 0.469 loading class javax/swing/text/DefaultEditorKit
Event: 0.469 loading class javax/swing/text/EditorKit
Event: 0.469 loading class javax/swing/text/EditorKit done
Event: 0.469 loading class javax/swing/text/DefaultEditorKit done
Event: 0.469 loading class javax/swing/Action


Dynamic libraries:
0x00007ff7bf0e0000 - 0x00007ff7bf0ee000 	C:\Users\vovaf\.p2\pool\plugins\org.eclipse.justj.openjdk.hotspot.jre.full.win32.x86_64_17.0.2.v20220201-1208\jre\bin\javaw.exe
0x00007ffd8b510000 - 0x00007ffd8b705000 	C:\Windows\SYSTEM32\ntdll.dll
0x00007ffd89c90000 - 0x00007ffd89d4e000 	C:\Windows\System32\KERNEL32.DLL
0x00007ffd88d70000 - 0x00007ffd89038000 	C:\Windows\System32\KERNELBASE.dll
0x00007ffd89440000 - 0x00007ffd89540000 	C:\Windows\System32\ucrtbase.dll
0x00007ffd7f960000 - 0x00007ffd7f978000 	C:\Users\vovaf\.p2\pool\plugins\org.eclipse.justj.openjdk.hotspot.jre.full.win32.x86_64_17.0.2.v20220201-1208\jre\bin\jli.dll
0x00007ffd78580000 - 0x00007ffd78599000 	C:\Users\vovaf\.p2\pool\plugins\org.eclipse.justj.openjdk.hotspot.jre.full.win32.x86_64_17.0.2.v20220201-1208\jre\bin\VCRUNTIME140.dll
0x00007ffd89e80000 - 0x00007ffd8a020000 	C:\Windows\System32\USER32.dll
0x00007ffd76180000 - 0x00007ffd7641a000 	C:\Windows\WinSxS\amd64_microsoft.windows.common-controls_6595b64144ccf1df_6.0.19041.1110_none_60b5254171f9507e\COMCTL32.dll
0x00007ffd88d10000 - 0x00007ffd88d32000 	C:\Windows\System32\win32u.dll
0x00007ffd8ae40000 - 0x00007ffd8aede000 	C:\Windows\System32\msvcrt.dll
0x00007ffd8b270000 - 0x00007ffd8b29a000 	C:\Windows\System32\GDI32.dll
0x00007ffd88c00000 - 0x00007ffd88d0b000 	C:\Windows\System32\gdi32full.dll
0x00007ffd891a0000 - 0x00007ffd8923d000 	C:\Windows\System32\msvcp_win.dll
0x00007ffd8a480000 - 0x00007ffd8a4b0000 	C:\Windows\System32\IMM32.DLL
0x00007ffd86060000 - 0x00007ffd8606c000 	C:\Users\vovaf\.p2\pool\plugins\org.eclipse.justj.openjdk.hotspot.jre.full.win32.x86_64_17.0.2.v20220201-1208\jre\bin\vcruntime140_1.dll
0x00007ffd603e0000 - 0x00007ffd60471000 	C:\Users\vovaf\.p2\pool\plugins\org.eclipse.justj.openjdk.hotspot.jre.full.win32.x86_64_17.0.2.v20220201-1208\jre\bin\msvcp140.dll
0x00007ffd4a9a0000 - 0x00007ffd4b5e7000 	C:\Users\vovaf\.p2\pool\plugins\org.eclipse.justj.openjdk.hotspot.jre.full.win32.x86_64_17.0.2.v20220201-1208\jre\bin\server\jvm.dll
0x00007ffd8b160000 - 0x00007ffd8b20e000 	C:\Windows\System32\ADVAPI32.dll
0x00007ffd8a990000 - 0x00007ffd8aa2c000 	C:\Windows\System32\sechost.dll
0x00007ffd8a2d0000 - 0x00007ffd8a3f5000 	C:\Windows\System32\RPCRT4.dll
0x00007ffd8aee0000 - 0x00007ffd8aee8000 	C:\Windows\System32\PSAPI.DLL
0x00007ffd7fd50000 - 0x00007ffd7fd77000 	C:\Windows\SYSTEM32\WINMM.dll
0x00007ffd82a00000 - 0x00007ffd82a0a000 	C:\Windows\SYSTEM32\VERSION.dll
0x00007ffd83e00000 - 0x00007ffd83e09000 	C:\Windows\SYSTEM32\WSOCK32.dll
0x00007ffd8a1d0000 - 0x00007ffd8a23b000 	C:\Windows\System32\WS2_32.dll
0x00007ffd86b40000 - 0x00007ffd86b52000 	C:\Windows\SYSTEM32\kernel.appcore.dll
0x00007ffd83e20000 - 0x00007ffd83e2a000 	C:\Users\vovaf\.p2\pool\plugins\org.eclipse.justj.openjdk.hotspot.jre.full.win32.x86_64_17.0.2.v20220201-1208\jre\bin\jimage.dll
0x00007ffd839e0000 - 0x00007ffd83bc4000 	C:\Windows\SYSTEM32\DBGHELP.DLL
0x00007ffd83c80000 - 0x00007ffd83cac000 	C:\Windows\SYSTEM32\dbgcore.DLL
0x00007ffd892f0000 - 0x00007ffd89372000 	C:\Windows\System32\bcryptPrimitives.dll
0x00007ffd82e90000 - 0x00007ffd82eb5000 	C:\Users\vovaf\.p2\pool\plugins\org.eclipse.justj.openjdk.hotspot.jre.full.win32.x86_64_17.0.2.v20220201-1208\jre\bin\java.dll
0x00007ffd83de0000 - 0x00007ffd83df8000 	C:\Users\vovaf\.p2\pool\plugins\org.eclipse.justj.openjdk.hotspot.jre.full.win32.x86_64_17.0.2.v20220201-1208\jre\bin\zip.dll
0x00007ffd89540000 - 0x00007ffd89c84000 	C:\Windows\System32\SHELL32.dll
0x00007ffd86d40000 - 0x00007ffd874d4000 	C:\Windows\SYSTEM32\windows.storage.dll
0x00007ffd8aa30000 - 0x00007ffd8ad84000 	C:\Windows\System32\combase.dll
0x00007ffd885a0000 - 0x00007ffd885cc000 	C:\Windows\SYSTEM32\Wldp.dll
0x00007ffd8ad90000 - 0x00007ffd8ae3d000 	C:\Windows\System32\SHCORE.dll
0x00007ffd8a4b0000 - 0x00007ffd8a505000 	C:\Windows\System32\shlwapi.dll
0x00007ffd88b40000 - 0x00007ffd88b5f000 	C:\Windows\SYSTEM32\profapi.dll
0x00007ffd50450000 - 0x00007ffd505de000 	C:\Users\vovaf\.p2\pool\plugins\org.eclipse.justj.openjdk.hotspot.jre.full.win32.x86_64_17.0.2.v20220201-1208\jre\bin\awt.dll
0x00007ffd89db0000 - 0x00007ffd89e7d000 	C:\Windows\System32\OLEAUT32.dll
0x00007ffd86490000 - 0x00007ffd86520000 	C:\Windows\SYSTEM32\apphelp.dll
0x00007ffd863c0000 - 0x00007ffd8645e000 	C:\Windows\system32\uxtheme.dll
0x00007ffd8b2a0000 - 0x00007ffd8b3b5000 	C:\Windows\System32\MSCTF.dll
0x00007ffd8b030000 - 0x00007ffd8b15a000 	C:\Windows\System32\ole32.dll
0x00007ffd86770000 - 0x00007ffd8679f000 	C:\Windows\system32\DWMAPI.DLL
0x00007ffd50cd0000 - 0x00007ffd50df6000 	C:\Windows\system32\opengl32.dll
0x00007ffd76420000 - 0x00007ffd7644c000 	C:\Windows\SYSTEM32\GLU32.dll
0x00007ffd7f670000 - 0x00007ffd7f83f000 	C:\Windows\system32\d3d9.dll
0x00007ffd80fe0000 - 0x00007ffd810e2000 	C:\Windows\System32\DriverStore\FileRepository\nv_dispi.inf_amd64_1c83a5d7cffd7bff\nvldumdx.dll
0x00007ffd88720000 - 0x00007ffd88732000 	C:\Windows\SYSTEM32\msasn1.dll
0x00007ffd80e20000 - 0x00007ffd80e51000 	C:\Windows\SYSTEM32\cryptnet.dll
0x00007ffd89040000 - 0x00007ffd89196000 	C:\Windows\System32\CRYPT32.dll
0x00007ffd884f0000 - 0x00007ffd884fc000 	C:\Windows\SYSTEM32\cryptbase.dll
0x00007ffd89380000 - 0x00007ffd893e8000 	C:\Windows\System32\WINTRUST.DLL
0x00007ffd8a240000 - 0x00007ffd8a25d000 	C:\Windows\System32\imagehlp.dll
0x00007ffd88500000 - 0x00007ffd88518000 	C:\Windows\SYSTEM32\CRYPTSP.dll
0x00007ffd87c80000 - 0x00007ffd87cb4000 	C:\Windows\system32\rsaenh.dll
0x00007ffd88d40000 - 0x00007ffd88d67000 	C:\Windows\System32\bcrypt.dll
0x00007ffd48f00000 - 0x00007ffd4a91b000 	C:\Windows\System32\DriverStore\FileRepository\nv_dispi.inf_amd64_1c83a5d7cffd7bff\nvd3dumx.dll
0x00007ffd60350000 - 0x00007ffd603d9000 	C:\Users\vovaf\.p2\pool\plugins\org.eclipse.justj.openjdk.hotspot.jre.full.win32.x86_64_17.0.2.v20220201-1208\jre\bin\freetype.dll
0x00007ffd503a0000 - 0x00007ffd50448000 	C:\Users\vovaf\.p2\pool\plugins\org.eclipse.justj.openjdk.hotspot.jre.full.win32.x86_64_17.0.2.v20220201-1208\jre\bin\fontmanager.dll
0x00007ffd83930000 - 0x00007ffd83949000 	C:\Users\vovaf\.p2\pool\plugins\org.eclipse.justj.openjdk.hotspot.jre.full.win32.x86_64_17.0.2.v20220201-1208\jre\bin\net.dll
0x00007ffd7d210000 - 0x00007ffd7d31a000 	C:\Windows\SYSTEM32\WINHTTP.dll
0x00007ffd88300000 - 0x00007ffd8836a000 	C:\Windows\system32\mswsock.dll
0x00007ffd82e50000 - 0x00007ffd82e65000 	C:\Users\vovaf\.p2\pool\plugins\org.eclipse.justj.openjdk.hotspot.jre.full.win32.x86_64_17.0.2.v20220201-1208\jre\bin\nio.dll

dbghelp: loaded successfully - version: 4.0.5 - missing functions: none
symbol engine: initialized successfully - sym options: 0x614 - pdb path: .;C:\Users\vovaf\.p2\pool\plugins\org.eclipse.justj.openjdk.hotspot.jre.full.win32.x86_64_17.0.2.v20220201-1208\jre\bin;C:\Windows\SYSTEM32;C:\Windows\WinSxS\amd64_microsoft.windows.common-controls_6595b64144ccf1df_6.0.19041.1110_none_60b5254171f9507e;C:\Users\vovaf\.p2\pool\plugins\org.eclipse.justj.openjdk.hotspot.jre.full.win32.x86_64_17.0.2.v20220201-1208\jre\bin\server;C:\Windows\System32\DriverStore\FileRepository\nv_dispi.inf_amd64_1c83a5d7cffd7bff

VM Arguments:
jvm_args: -Dfile.encoding=Cp1251 -XX:+ShowCodeDetailsInExceptionMessages 
java_command: MainWindow
java_class_path (initial): C:\Users\vovaf\Desktop\ƒÀﬂ ‘¿Õ¿\OOP-Java-Labs-main\Lab8\bin
Launcher Type: SUN_STANDARD

[Global flags]
     intx CICompilerCount                          = 3                                         {product} {ergonomic}
     uint ConcGCThreads                            = 1                                         {product} {ergonomic}
     uint G1ConcRefinementThreads                  = 4                                         {product} {ergonomic}
   size_t G1HeapRegionSize                         = 1048576                                   {product} {ergonomic}
    uintx GCDrainStackTargetSize                   = 64                                        {product} {ergonomic}
   size_t InitialHeapSize                          = 125829120                                 {product} {ergonomic}
   size_t MarkStackSize                            = 4194304                                   {product} {ergonomic}
   size_t MaxHeapSize                              = 2013265920                                {product} {ergonomic}
   size_t MaxNewSize                               = 1207959552                                {product} {ergonomic}
   size_t MinHeapDeltaBytes                        = 1048576                                   {product} {ergonomic}
   size_t MinHeapSize                              = 8388608                                   {product} {ergonomic}
    uintx NonNMethodCodeHeapSize                   = 5832780                                {pd product} {ergonomic}
    uintx NonProfiledCodeHeapSize                  = 122912730                              {pd product} {ergonomic}
    uintx ProfiledCodeHeapSize                     = 122912730                              {pd product} {ergonomic}
    uintx ReservedCodeCacheSize                    = 251658240                              {pd product} {ergonomic}
     bool SegmentedCodeCache                       = true                                      {product} {ergonomic}
     bool ShowCodeDetailsInExceptionMessages       = true                                   {manageable} {command line}
   size_t SoftMaxHeapSize                          = 2013265920                             {manageable} {ergonomic}
     bool UseCompressedClassPointers               = true                           {product lp64_product} {ergonomic}
     bool UseCompressedOops                        = true                           {product lp64_product} {ergonomic}
     bool UseG1GC                                  = true                                      {product} {ergonomic}
     bool UseLargePagesIndividualAllocation        = false                                  {pd product} {ergonomic}

Logging:
Log output configuration:
 #0: stdout all=warning uptime,level,tags
 #1: stderr all=off uptime,level,tags

Environment Variables:
PATH=C:/Users/vovaf/.p2/pool/plugins/org.eclipse.justj.openjdk.hotspot.jre.full.win32.x86_64_17.0.2.v20220201-1208/jre/bin/server;C:/Users/vovaf/.p2/pool/plugins/org.eclipse.justj.openjdk.hotspot.jre.full.win32.x86_64_17.0.2.v20220201-1208/jre/bin;C:\Program Files (x86)\Common Files\Oracle\Java\javapath;C:\Windows\system32;C:\Windows;C:\Windows\System32\Wbem;C:\Windows\System32\WindowsPowerShell\v1.0\;C:\Windows\System32\OpenSSH\;C:\Program Files\Microsoft SQL Server\130\Tools\Binn\;C:\Program Files\NVIDIA Corporation\NVIDIA NvDLISR;C:\php;C:\Users\vovaf\AppData\Local\Microsoft\WindowsApps;C:\Users\vovaf\AppData\Local\GitHubDesktop\bin;C:\Users\vovaf\AppData\Local\Programs\Microsoft VS Code\bin;C:\Users\vovaf\Desktop;
USERNAME=vovaf
OS=Windows_NT
PROCESSOR_IDENTIFIER=AMD64 Family 21 Model 2 Stepping 0, AuthenticAMD



---------------  S Y S T E M  ---------------

OS:
 Windows 10 , 64 bit Build 19041 (10.0.19041.1645)
OS uptime: 4 days 3:37 hours

CPU: total 4 (initial active 4) (4 cores per cpu, 1 threads per core) family 21 model 2 stepping 0 microcode 0x0, cx8, cmov, fxsr, mmx, 3dnowpref, sse, sse2, sse3, ssse3, sse4a, sse4.1, sse4.2, popcnt, lzcnt, tsc, tscinvbit, avx, aes, clmul, bmi1, fma, vzeroupper, clflush

Memory: 4k page, system-wide physical 7679M (1963M free)
TotalPageFile size 7679M (AvailPageFile size 5M)
current process WorkingSet (physical memory assigned to process): 53M, peak: 53M
current process commit charge ("private bytes"): 202M, peak: 202M

vm_info: OpenJDK 64-Bit Server VM (17.0.2+8) for windows-amd64 JRE (17.0.2+8), built on Jan 20 2022 04:52:34 by "" with MS VC++ 16.7 (VS2019)

END.
