#
# There is insufficient memory for the Java Runtime Environment to continue.
# Native memory allocation (mmap) failed to map 125829120 bytes for G1 virtual space
# Possible reasons:
#   The system is out of physical RAM or swap space
#   The process is running with CompressedOops enabled, and the Java Heap may be blocking the growth of the native heap
# Possible solutions:
#   Reduce memory load on the system
#   Increase physical memory or swap space
#   Check if swap backing store is full
#   Decrease Java heap size (-Xmx/-Xms)
#   Decrease number of Java threads
#   Decrease Java thread stack sizes (-Xss)
#   Set larger code cache with -XX:ReservedCodeCacheSize=
#   JVM is running with Unscaled Compressed Oops mode in which the Java heap is
#     placed in the first 4GB address space. The Java Heap base address is the
#     maximum limit for the native heap growth. Please use -XX:HeapBaseMinAddress
#     to set the Java Heap base and to place the Java Heap above 4GB virtual address.
# This output file may be truncated or incomplete.
#
#  Out of Memory Error (os_windows.cpp:3532), pid=12892, tid=6500
#
# JRE version:  (17.0.2+8) (build )
# Java VM: OpenJDK 64-Bit Server VM (17.0.2+8, mixed mode, sharing, tiered, compressed oops, compressed class ptrs, g1 gc, windows-amd64)
# No core dump will be written. Minidumps are not enabled by default on client versions of Windows
#

---------------  S U M M A R Y ------------

Command Line: -Dfile.encoding=Cp1251 -XX:+ShowCodeDetailsInExceptionMessages lab7.Window

Host: AMD FX(tm)-4300 Quad-Core Processor            , 4 cores, 7G,  Windows 10 , 64 bit Build 19041 (10.0.19041.1566)
Time: Mon Apr 25 20:12:59 2022  Windows 10 , 64 bit Build 19041 (10.0.19041.1566) elapsed time: 0.015041 seconds (0d 0h 0m 0s)

---------------  T H R E A D  ---------------

Current thread (0x000002aca51e9810):  JavaThread "Unknown thread" [_thread_in_vm, id=6500, stack(0x000000d74a200000,0x000000d74a300000)]

Stack: [0x000000d74a200000,0x000000d74a300000]
Native frames: (J=compiled Java code, j=interpreted, Vv=VM code, C=native code)
V  [jvm.dll+0x67564a]
V  [jvm.dll+0x82fc04]
V  [jvm.dll+0x8313ae]
V  [jvm.dll+0x831a13]
V  [jvm.dll+0x245235]
V  [jvm.dll+0x672539]
V  [jvm.dll+0x666e82]
V  [jvm.dll+0x30401b]
V  [jvm.dll+0x30b566]
V  [jvm.dll+0x35b1fe]
V  [jvm.dll+0x35b42f]
V  [jvm.dll+0x2daf58]
V  [jvm.dll+0x2dbec4]
V  [jvm.dll+0x801881]
V  [jvm.dll+0x368f81]
V  [jvm.dll+0x7e0cdc]
V  [jvm.dll+0x3eb8bf]
V  [jvm.dll+0x3ed441]
C  [jli.dll+0x5277]
C  [ucrtbase.dll+0x21bb2]
C  [KERNEL32.DLL+0x17034]
C  [ntdll.dll+0x52651]


---------------  P R O C E S S  ---------------

Threads class SMR info:
_java_thread_list=0x00007ff832395e98, length=0, elements={
}

Java Threads: ( => current thread )

Other Threads:
  0x000002aca52293b0 GCTaskThread "GC Thread#0" [stack: 0x000000d74a300000,0x000000d74a400000] [id=7672]
  0x000002aca5239a90 ConcurrentGCThread "G1 Main Marker" [stack: 0x000000d74a400000,0x000000d74a500000] [id=7972]
  0x000002aca523b4b0 ConcurrentGCThread "G1 Conc#0" [stack: 0x000000d74a500000,0x000000d74a600000] [id=7232]

[error occurred during error reporting (printing all threads), id 0xc0000005, EXCEPTION_ACCESS_VIOLATION (0xc0000005) at pc=0x00007ff831b6b9d7]

VM state: not at safepoint (not fully initialized)

VM Mutex/Monitor currently owned by a thread:  ([mutex/lock_event])
[0x000002aca51e4a30] Heap_lock - owner thread: 0x000002aca51e9810

Heap address: 0x0000000088000000, size: 1920 MB, Compressed Oops mode: 32-bit

CDS archive(s) mapped at: [0x0000000000000000-0x0000000000000000-0x0000000000000000), size 0, SharedBaseAddress: 0x0000000800000000, ArchiveRelocationMode: 0.
Narrow klass base: 0x0000000000000000, Narrow klass shift: 0, Narrow klass range: 0x0

GC Precious Log:
<Empty>

Heap:
 garbage-first heap   total 0K, used 0K [0x0000000088000000, 0x0000000100000000)
  region size 1024K, 0 young (0K), 0 survivors (0K)

[error occurred during error reporting (printing heap information), id 0xc0000005, EXCEPTION_ACCESS_VIOLATION (0xc0000005) at pc=0x00007ff831f4e899]

GC Heap History (0 events):
No events

Deoptimization events (0 events):
No events

Classes unloaded (0 events):
No events

Classes redefined (0 events):
No events

Internal exceptions (0 events):
No events

VM Operations (0 events):
No events

Events (1 events):
Event: 0.008 Loaded shared library C:\Users\vovaf\.p2\pool\plugins\org.eclipse.justj.openjdk.hotspot.jre.full.win32.x86_64_17.0.2.v20220201-1208\jre\bin\java.dll


Dynamic libraries:
0x00007ff6f9ae0000 - 0x00007ff6f9aee000 	C:\Users\vovaf\.p2\pool\plugins\org.eclipse.justj.openjdk.hotspot.jre.full.win32.x86_64_17.0.2.v20220201-1208\jre\bin\javaw.exe
0x00007ff86aeb0000 - 0x00007ff86b0a5000 	C:\Windows\SYSTEM32\ntdll.dll
0x00007ff869a50000 - 0x00007ff869b0e000 	C:\Windows\System32\KERNEL32.DLL
0x00007ff868c10000 - 0x00007ff868ed8000 	C:\Windows\System32\KERNELBASE.dll
0x00007ff868920000 - 0x00007ff868a20000 	C:\Windows\System32\ucrtbase.dll
0x00007ff860a00000 - 0x00007ff860a18000 	C:\Users\vovaf\.p2\pool\plugins\org.eclipse.justj.openjdk.hotspot.jre.full.win32.x86_64_17.0.2.v20220201-1208\jre\bin\jli.dll
0x00007ff869de0000 - 0x00007ff869f80000 	C:\Windows\System32\USER32.dll
0x00007ff868880000 - 0x00007ff8688a2000 	C:\Windows\System32\win32u.dll
0x00007ff869b10000 - 0x00007ff869b3b000 	C:\Windows\System32\GDI32.dll
0x00007ff8605a0000 - 0x00007ff8605b9000 	C:\Users\vovaf\.p2\pool\plugins\org.eclipse.justj.openjdk.hotspot.jre.full.win32.x86_64_17.0.2.v20220201-1208\jre\bin\VCRUNTIME140.dll
0x00007ff868b00000 - 0x00007ff868c0b000 	C:\Windows\System32\gdi32full.dll
0x00007ff8687e0000 - 0x00007ff86887d000 	C:\Windows\System32\msvcp_win.dll
0x00007ff856900000 - 0x00007ff856b9a000 	C:\Windows\WinSxS\amd64_microsoft.windows.common-controls_6595b64144ccf1df_6.0.19041.1110_none_60b5254171f9507e\COMCTL32.dll
0x00007ff8694c0000 - 0x00007ff86955e000 	C:\Windows\System32\msvcrt.dll
0x00007ff86aca0000 - 0x00007ff86acd0000 	C:\Windows\System32\IMM32.DLL
0x00007ff865dc0000 - 0x00007ff865dcc000 	C:\Users\vovaf\.p2\pool\plugins\org.eclipse.justj.openjdk.hotspot.jre.full.win32.x86_64_17.0.2.v20220201-1208\jre\bin\vcruntime140_1.dll
0x00007ff83d0b0000 - 0x00007ff83d141000 	C:\Users\vovaf\.p2\pool\plugins\org.eclipse.justj.openjdk.hotspot.jre.full.win32.x86_64_17.0.2.v20220201-1208\jre\bin\msvcp140.dll
0x00007ff831880000 - 0x00007ff8324c7000 	C:\Users\vovaf\.p2\pool\plugins\org.eclipse.justj.openjdk.hotspot.jre.full.win32.x86_64_17.0.2.v20220201-1208\jre\bin\server\jvm.dll
0x00007ff868ee0000 - 0x00007ff868f8e000 	C:\Windows\System32\ADVAPI32.dll
0x00007ff86ada0000 - 0x00007ff86ae3c000 	C:\Windows\System32\sechost.dll
0x00007ff868fb0000 - 0x00007ff8690d5000 	C:\Windows\System32\RPCRT4.dll
0x00007ff869d50000 - 0x00007ff869d58000 	C:\Windows\System32\PSAPI.DLL
0x00007ff85fbd0000 - 0x00007ff85fbd9000 	C:\Windows\SYSTEM32\WSOCK32.dll
0x00007ff869f80000 - 0x00007ff869feb000 	C:\Windows\System32\WS2_32.dll
0x00007ff85ca90000 - 0x00007ff85cab7000 	C:\Windows\SYSTEM32\WINMM.dll
0x00007ff863d50000 - 0x00007ff863d5a000 	C:\Windows\SYSTEM32\VERSION.dll
0x00007ff8664d0000 - 0x00007ff8664e2000 	C:\Windows\SYSTEM32\kernel.appcore.dll
0x00007ff865be0000 - 0x00007ff865bea000 	C:\Users\vovaf\.p2\pool\plugins\org.eclipse.justj.openjdk.hotspot.jre.full.win32.x86_64_17.0.2.v20220201-1208\jre\bin\jimage.dll
0x00007ff85fdc0000 - 0x00007ff85ffa4000 	C:\Windows\SYSTEM32\DBGHELP.DLL
0x00007ff85fd90000 - 0x00007ff85fdbc000 	C:\Windows\SYSTEM32\dbgcore.DLL
0x00007ff868750000 - 0x00007ff8687d2000 	C:\Windows\System32\bcryptPrimitives.dll
0x00007ff85a070000 - 0x00007ff85a095000 	C:\Users\vovaf\.p2\pool\plugins\org.eclipse.justj.openjdk.hotspot.jre.full.win32.x86_64_17.0.2.v20220201-1208\jre\bin\java.dll

dbghelp: loaded successfully - version: 4.0.5 - missing functions: none
symbol engine: initialized successfully - sym options: 0x614 - pdb path: .;C:\Users\vovaf\.p2\pool\plugins\org.eclipse.justj.openjdk.hotspot.jre.full.win32.x86_64_17.0.2.v20220201-1208\jre\bin;C:\Windows\SYSTEM32;C:\Windows\WinSxS\amd64_microsoft.windows.common-controls_6595b64144ccf1df_6.0.19041.1110_none_60b5254171f9507e;C:\Users\vovaf\.p2\pool\plugins\org.eclipse.justj.openjdk.hotspot.jre.full.win32.x86_64_17.0.2.v20220201-1208\jre\bin\server

VM Arguments:
jvm_args: -Dfile.encoding=Cp1251 -XX:+ShowCodeDetailsInExceptionMessages 
java_command: lab7.Window
java_class_path (initial): C:\Users\vovaf\eclipse-workspace\lab7\bin
Launcher Type: SUN_STANDARD

[Global flags]
     intx CICompilerCount                          = 3                                         {product} {ergonomic}
     uint ConcGCThreads                            = 1                                         {product} {ergonomic}
     uint G1ConcRefinementThreads                  = 4                                         {product} {ergonomic}
   size_t G1HeapRegionSize                         = 1048576                                   {product} {ergonomic}
    uintx GCDrainStackTargetSize                   = 64                                        {product} {ergonomic}
   size_t InitialHeapSize                          = 125829120                                 {product} {ergonomic}
   size_t MarkStackSize                            = 4194304                                   {product} {ergonomic}
   size_t MaxHeapSize                              = 2013265920                                {product} {ergonomic}
   size_t MinHeapDeltaBytes                        = 1048576                                   {product} {ergonomic}
   size_t MinHeapSize                              = 8388608                                   {product} {ergonomic}
    uintx NonNMethodCodeHeapSize                   = 5832780                                {pd product} {ergonomic}
    uintx NonProfiledCodeHeapSize                  = 122912730                              {pd product} {ergonomic}
    uintx ProfiledCodeHeapSize                     = 122912730                              {pd product} {ergonomic}
    uintx ReservedCodeCacheSize                    = 251658240                              {pd product} {ergonomic}
     bool SegmentedCodeCache                       = true                                      {product} {ergonomic}
     bool ShowCodeDetailsInExceptionMessages       = true                                   {manageable} {command line}
   size_t SoftMaxHeapSize                          = 2013265920                             {manageable} {ergonomic}
     bool UseCompressedClassPointers               = true                           {product lp64_product} {ergonomic}
     bool UseCompressedOops                        = true                           {product lp64_product} {ergonomic}
     bool UseG1GC                                  = true                                      {product} {ergonomic}
     bool UseLargePagesIndividualAllocation        = false                                  {pd product} {ergonomic}

Logging:
Log output configuration:
 #0: stdout all=warning uptime,level,tags
 #1: stderr all=off uptime,level,tags

Environment Variables:
PATH=C:/Users/vovaf/.p2/pool/plugins/org.eclipse.justj.openjdk.hotspot.jre.full.win32.x86_64_17.0.2.v20220201-1208/jre/bin/server;C:/Users/vovaf/.p2/pool/plugins/org.eclipse.justj.openjdk.hotspot.jre.full.win32.x86_64_17.0.2.v20220201-1208/jre/bin;C:\Program Files (x86)\Common Files\Oracle\Java\javapath;C:\Windows\system32;C:\Windows;C:\Windows\System32\Wbem;C:\Windows\System32\WindowsPowerShell\v1.0\;C:\Windows\System32\OpenSSH\;C:\Program Files\Microsoft SQL Server\130\Tools\Binn\;C:\Program Files\NVIDIA Corporation\NVIDIA NvDLISR;C:\Users\vovaf\AppData\Local\Microsoft\WindowsApps;C:\Users\vovaf\AppData\Local\GitHubDesktop\bin;C:\Users\vovaf\AppData\Local\Programs\Microsoft VS Code\bin;C:\Users\vovaf\Desktop;
USERNAME=vovaf
OS=Windows_NT
PROCESSOR_IDENTIFIER=AMD64 Family 21 Model 2 Stepping 0, AuthenticAMD



---------------  S Y S T E M  ---------------

OS:
 Windows 10 , 64 bit Build 19041 (10.0.19041.1566)
OS uptime: 3 days 3:51 hours

CPU: total 4 (initial active 4) (4 cores per cpu, 1 threads per core) family 21 model 2 stepping 0 microcode 0x0, cx8, cmov, fxsr, mmx, 3dnowpref, sse, sse2, sse3, ssse3, sse4a, sse4.1, sse4.2, popcnt, lzcnt, tsc, tscinvbit, avx, aes, clmul, bmi1, fma, vzeroupper, clflush

Memory: 4k page, system-wide physical 7679M (1134M free)
TotalPageFile size 7679M (AvailPageFile size 102M)
current process WorkingSet (physical memory assigned to process): 10M, peak: 10M
current process commit charge ("private bytes"): 51M, peak: 171M

vm_info: OpenJDK 64-Bit Server VM (17.0.2+8) for windows-amd64 JRE (17.0.2+8), built on Jan 20 2022 04:52:34 by "" with MS VC++ 16.7 (VS2019)

END.
